<?xml version="1.0" encoding="UTF-8"?>
<!-- Generated by org.testng.reporters.JUnitReportReporter -->
<testsuite hostname="TECHNO-483" failures="0" tests="1" name="io.mosip.test.residentTest.testcase.HolidaysTest" time="40.769" errors="0" timestamp="2023-05-16T17:34:10 IST" skipped="0">
  <testcase classname="io.mosip.test.residentTest.testcase.HolidaysTest" name="holidaysCRUD" time="40.769"/>
  <system-out/>
</testsuite> <!-- io.mosip.test.residentTest.testcase.HolidaysTest -->
